<?xml version="1.0" encoding="UTF-8"?>
<testng-results total="1" passed="0" failed="1" skipped="0">
  <reporter-output>
  </reporter-output>
  <suite started-at="2021-06-03T09:15:00Z" name="ProgramSuite" finished-at="2021-06-03T09:15:01Z" duration-ms="1556">
    <groups>
    </groups>
    <test started-at="2021-06-03T09:15:00Z" name="ProgramTest" finished-at="2021-06-03T09:15:01Z" duration-ms="1556">
      <class name="com.example.demo.SeleniumExapmle">
        <test-method signature="whenAboutBaeldungIsLoaded_thenAboutEugenIsMentionedOnPage()[pri:0, instance:com.example.demo.SeleniumExapmle@79895931]" started-at="2021-06-03T14:45:00Z" name="whenAboutBaeldungIsLoaded_thenAboutEugenIsMentionedOnPage" finished-at="2021-06-03T14:45:01Z" duration-ms="1555" status="FAIL">
          <exception class="org.openqa.selenium.SessionNotCreatedException">
            <message>
              <![CDATA[session not created: This version of ChromeDriver only supports Chrome version 89
Current browser version is 91.0.4472.77 with binary path C:\Program Files (x86)\Google\Chrome\Application\chrome.exe
Build info: version: '3.11.0', revision: 'e59cfb3', time: '2018-03-11T20:26:55.152Z'
System info: host: 'DESKTOP-R0UOHF1', ip: '192.168.209.1', os.name: 'Windows 10', os.arch: 'amd64', os.version: '10.0', java.version: '15.0.2'
Driver info: driver.version: ChromeDriver
remote stacktrace: Backtrace:
	Ordinal0 [0x00D9E7D3+124883]
	Ordinal0 [0x00D9E7B1+124849]
	GetHandleVerifier [0x00FE8688+193832]
	GetHandleVerifier [0x01003AC5+305509]
	GetHandleVerifier [0x0100021B+291003]
	GetHandleVerifier [0x00FFE0AC+282444]
	GetHandleVerifier [0x01024A90+440624]
	GetHandleVerifier [0x010247FC+439964]
	GetHandleVerifier [0x0102154B+426987]
	GetHandleVerifier [0x01004FFD+310941]
	GetHandleVerifier [0x01005D8E+314414]
	GetHandleVerifier [0x01005D19+314297]
	GetHandleVerifier [0x010C31EC+1089676]
	GetHandleVerifier [0x010C17C9+1082985]
	GetHandleVerifier [0x010C13A3+1081923]
	GetHandleVerifier [0x011BD9FD+2115741]
	Ordinal0 [0x00EEB82E+1488942]
	Ordinal0 [0x00E85A7D+1071741]
	Ordinal0 [0x00E8559B+1070491]
	Ordinal0 [0x00E854B1+1070257]
	Ordinal0 [0x00EBFF53+1310547]
	BaseThreadInitThunk [0x761EFA29+25]
	RtlGetAppContainerNamedObjectPath [0x778C7A7E+286]
	RtlGetAppContainerNamedObjectPath [0x778C7A4E+238]
]]>
            </message>
            <full-stacktrace>
              <![CDATA[org.openqa.selenium.SessionNotCreatedException: session not created: This version of ChromeDriver only supports Chrome version 89
Current browser version is 91.0.4472.77 with binary path C:\Program Files (x86)\Google\Chrome\Application\chrome.exe
Build info: version: '3.11.0', revision: 'e59cfb3', time: '2018-03-11T20:26:55.152Z'
System info: host: 'DESKTOP-R0UOHF1', ip: '192.168.209.1', os.name: 'Windows 10', os.arch: 'amd64', os.version: '10.0', java.version: '15.0.2'
Driver info: driver.version: ChromeDriver
remote stacktrace: Backtrace:
	Ordinal0 [0x00D9E7D3+124883]
	Ordinal0 [0x00D9E7B1+124849]
	GetHandleVerifier [0x00FE8688+193832]
	GetHandleVerifier [0x01003AC5+305509]
	GetHandleVerifier [0x0100021B+291003]
	GetHandleVerifier [0x00FFE0AC+282444]
	GetHandleVerifier [0x01024A90+440624]
	GetHandleVerifier [0x010247FC+439964]
	GetHandleVerifier [0x0102154B+426987]
	GetHandleVerifier [0x01004FFD+310941]
	GetHandleVerifier [0x01005D8E+314414]
	GetHandleVerifier [0x01005D19+314297]
	GetHandleVerifier [0x010C31EC+1089676]
	GetHandleVerifier [0x010C17C9+1082985]
	GetHandleVerifier [0x010C13A3+1081923]
	GetHandleVerifier [0x011BD9FD+2115741]
	Ordinal0 [0x00EEB82E+1488942]
	Ordinal0 [0x00E85A7D+1071741]
	Ordinal0 [0x00E8559B+1070491]
	Ordinal0 [0x00E854B1+1070257]
	Ordinal0 [0x00EBFF53+1310547]
	BaseThreadInitThunk [0x761EFA29+25]
	RtlGetAppContainerNamedObjectPath [0x778C7A7E+286]
	RtlGetAppContainerNamedObjectPath [0x778C7A4E+238]

	at java.base/jdk.internal.reflect.NativeConstructorAccessorImpl.newInstance0(Native Method)
	at java.base/jdk.internal.reflect.NativeConstructorAccessorImpl.newInstance(NativeConstructorAccessorImpl.java:64)
	at java.base/jdk.internal.reflect.DelegatingConstructorAccessorImpl.newInstance(DelegatingConstructorAccessorImpl.java:45)
	at java.base/java.lang.reflect.Constructor.newInstanceWithCaller(Constructor.java:500)
	at java.base/java.lang.reflect.Constructor.newInstance(Constructor.java:481)
	at org.openqa.selenium.remote.W3CHandshakeResponse.lambda$new$0(W3CHandshakeResponse.java:57)
	at org.openqa.selenium.remote.W3CHandshakeResponse.lambda$getResponseFunction$2(W3CHandshakeResponse.java:104)
	at org.openqa.selenium.remote.ProtocolHandshake.lambda$createSession$0(ProtocolHandshake.java:123)
	at java.base/java.util.stream.ReferencePipeline$3$1.accept(ReferencePipeline.java:195)
	at java.base/java.util.Spliterators$ArraySpliterator.tryAdvance(Spliterators.java:958)
	at java.base/java.util.stream.ReferencePipeline.forEachWithCancel(ReferencePipeline.java:127)
	at java.base/java.util.stream.AbstractPipeline.copyIntoWithCancel(AbstractPipeline.java:502)
	at java.base/java.util.stream.AbstractPipeline.copyInto(AbstractPipeline.java:488)
	at java.base/java.util.stream.AbstractPipeline.wrapAndCopyInto(AbstractPipeline.java:474)
	at java.base/java.util.stream.FindOps$FindOp.evaluateSequential(FindOps.java:150)
	at java.base/java.util.stream.AbstractPipeline.evaluate(AbstractPipeline.java:234)
	at java.base/java.util.stream.ReferencePipeline.findFirst(ReferencePipeline.java:543)
	at org.openqa.selenium.remote.ProtocolHandshake.createSession(ProtocolHandshake.java:126)
	at org.openqa.selenium.remote.ProtocolHandshake.createSession(ProtocolHandshake.java:73)
	at org.openqa.selenium.remote.HttpCommandExecutor.execute(HttpCommandExecutor.java:136)
	at org.openqa.selenium.remote.service.DriverCommandExecutor.execute(DriverCommandExecutor.java:83)
	at org.openqa.selenium.remote.RemoteWebDriver.execute(RemoteWebDriver.java:545)
	at org.openqa.selenium.remote.RemoteWebDriver.startSession(RemoteWebDriver.java:209)
	at org.openqa.selenium.remote.RemoteWebDriver.<init>(RemoteWebDriver.java:132)
	at org.openqa.selenium.chrome.ChromeDriver.<init>(ChromeDriver.java:181)
	at org.openqa.selenium.chrome.ChromeDriver.<init>(ChromeDriver.java:168)
	at org.openqa.selenium.chrome.ChromeDriver.<init>(ChromeDriver.java:157)
	at com.example.demo.SeleniumExapmle.whenAboutBaeldungIsLoaded_thenAboutEugenIsMentionedOnPage(SeleniumExapmle.java:29)
	at java.base/jdk.internal.reflect.NativeMethodAccessorImpl.invoke0(Native Method)
	at java.base/jdk.internal.reflect.NativeMethodAccessorImpl.invoke(NativeMethodAccessorImpl.java:64)
	at java.base/jdk.internal.reflect.DelegatingMethodAccessorImpl.invoke(DelegatingMethodAccessorImpl.java:43)
	at java.base/java.lang.reflect.Method.invoke(Method.java:564)
	at org.testng.internal.MethodInvocationHelper.invokeMethod(MethodInvocationHelper.java:84)
	at org.testng.internal.Invoker.invokeMethod(Invoker.java:714)
	at org.testng.internal.Invoker.invokeTestMethod(Invoker.java:901)
	at org.testng.internal.Invoker.invokeTestMethods(Invoker.java:1231)
	at org.testng.internal.TestMethodWorker.invokeTestMethods(TestMethodWorker.java:127)
	at org.testng.internal.TestMethodWorker.run(TestMethodWorker.java:111)
	at org.testng.TestRunner.privateRun(TestRunner.java:767)
	at org.testng.TestRunner.run(TestRunner.java:617)
	at org.testng.SuiteRunner.runTest(SuiteRunner.java:334)
	at org.testng.SuiteRunner.runSequentially(SuiteRunner.java:329)
	at org.testng.SuiteRunner.privateRun(SuiteRunner.java:291)
	at org.testng.SuiteRunner.run(SuiteRunner.java:240)
	at org.testng.SuiteRunnerWorker.runSuite(SuiteRunnerWorker.java:52)
	at org.testng.SuiteRunnerWorker.run(SuiteRunnerWorker.java:86)
	at org.testng.TestNG.runSuitesSequentially(TestNG.java:1224)
	at org.testng.TestNG.runSuitesLocally(TestNG.java:1149)
	at org.testng.TestNG.run(TestNG.java:1057)
	at com.example.demo.TestngXMLusingCode.testNgSuite(TestngXMLusingCode.java:34)
	at com.example.demo.cronDemo.runTestng(cronDemo.java:21)
	at java.base/jdk.internal.reflect.NativeMethodAccessorImpl.invoke0(Native Method)
	at java.base/jdk.internal.reflect.NativeMethodAccessorImpl.invoke(NativeMethodAccessorImpl.java:64)
	at java.base/jdk.internal.reflect.DelegatingMethodAccessorImpl.invoke(DelegatingMethodAccessorImpl.java:43)
	at java.base/java.lang.reflect.Method.invoke(Method.java:564)
	at org.springframework.scheduling.support.ScheduledMethodRunnable.run(ScheduledMethodRunnable.java:84)
	at org.springframework.scheduling.support.DelegatingErrorHandlingRunnable.run(DelegatingErrorHandlingRunnable.java:54)
	at org.springframework.scheduling.concurrent.ReschedulingRunnable.run(ReschedulingRunnable.java:95)
	at java.base/java.util.concurrent.Executors$RunnableAdapter.call(Executors.java:515)
	at java.base/java.util.concurrent.FutureTask.run(FutureTask.java:264)
	at java.base/java.util.concurrent.ScheduledThreadPoolExecutor$ScheduledFutureTask.run(ScheduledThreadPoolExecutor.java:304)
	at java.base/java.util.concurrent.ThreadPoolExecutor.runWorker(ThreadPoolExecutor.java:1130)
	at java.base/java.util.concurrent.ThreadPoolExecutor$Worker.run(ThreadPoolExecutor.java:630)
	at java.base/java.lang.Thread.run(Thread.java:832)
]]>
            </full-stacktrace>
          </exception> <!-- org.openqa.selenium.SessionNotCreatedException -->
          <reporter-output>
          </reporter-output>
        </test-method> <!-- whenAboutBaeldungIsLoaded_thenAboutEugenIsMentionedOnPage -->
      </class> <!-- com.example.demo.SeleniumExapmle -->
    </test> <!-- ProgramTest -->
  </suite> <!-- ProgramSuite -->
</testng-results>
